-------------------------
f:java_stub#6ed54515-acc8-4d1e-a16c-9fd6cfe951ea#jetbrains.mps.generator.runtime(MPS.Core/jetbrains.mps.generator.runtime@java_stub) in common
		java.lang.Throwable
			at jetbrains.mps.generator.impl.dependencies.IncrementalDependenciesBuilder.reportModelAccess(IncrementalDependenciesBuilder.java:115)
			at jetbrains.mps.generator.impl.dependencies.RootDependenciesBuilder.addModelAccess(RootDependenciesBuilder.java:93)
			at jetbrains.mps.generator.impl.dependencies.RootDependenciesBuilder.nodeUnclassifiedReadAccess(RootDependenciesBuilder.java:170)
			at jetbrains.mps.smodel.NodeReadEventsCaster$ListenersContainer.fireNodeUnclassifiedReadAccess(NodeReadEventsCaster.java:131)
			at jetbrains.mps.smodel.NodeReadEventsCaster.fireNodeUnclassifiedReadAccess(NodeReadEventsCaster.java:54)
			at jetbrains.mps.smodel.SNode.fireNodeUnclassifiedReadAccess(SNode.java:1023)
			at jetbrains.mps.smodel.SModel.getNode(SModel.java:204)
			at jetbrains.mps.extapi.model.SModelBase.getNode(SModelBase.java:118)
			at jetbrains.mps.smodel.SNodePointer.resolve(SNodePointer.java:64)
			at jetbrains.mps.smodel.SNodePointer.getNode(SNodePointer.java:132)
			at jetbrains.mps.lang.smodel.generator.smodelAdapter.SNodeOperations.getNode(SNodeOperations.java:597)
			at jetbrains.mps.lang.generator.generator.baseLanguage.template.main.QueriesGenerated.dropRootRule_Condition_4914935534439454950(QueriesGenerated.java:55)
			at sun.reflect.GeneratedMethodAccessor991.invoke(Unknown Source)
			at sun.reflect.DelegatingMethodAccessorImpl.invoke(DelegatingMethodAccessorImpl.java:25)
			at java.lang.reflect.Method.invoke(Method.java:597)
			at jetbrains.mps.util.QueryMethodGenerated$2.invoke(QueryMethodGenerated.java:212)
			at jetbrains.mps.generator.impl.interpreted.ReflectiveQueryProvider$Impl.check(ReflectiveQueryProvider.java:277)
			at jetbrains.mps.generator.impl.interpreted.TemplateDropRuleInterpreted.isApplicable(TemplateDropRuleInterpreted.java:55)
			at jetbrains.mps.generator.template.DefaultQueryExecutionContext.isApplicable(DefaultQueryExecutionContext.java:367)
			at jetbrains.mps.generator.impl.template.QueryExecutionContextWithDependencyRecording.isApplicable(QueryExecutionContextWithDependencyRecording.java:312)
			at jetbrains.mps.generator.impl.TemplateGenerator$NodeCopyFacility.isApplicableDropRootRule(TemplateGenerator.java:709)
			at jetbrains.mps.generator.impl.TemplateGenerator$NodeCopyFacility.checkDropRules(TemplateGenerator.java:689)
			at jetbrains.mps.generator.impl.TemplateGenerator.copyRootInputNode(TemplateGenerator.java:411)
			at jetbrains.mps.generator.impl.TemplateGenerator.applyReductions(TemplateGenerator.java:291)
			at jetbrains.mps.generator.impl.TemplateGenerator.apply(TemplateGenerator.java:160)
			at jetbrains.mps.generator.impl.GenerationSession.applyRules(GenerationSession.java:476)
			at jetbrains.mps.generator.impl.GenerationSession.executeMajorStepInternal(GenerationSession.java:381)
			at jetbrains.mps.generator.impl.GenerationSession.executeMajorStep(GenerationSession.java:340)
			at jetbrains.mps.generator.impl.GenerationSession.generateModel(GenerationSession.java:232)
			at jetbrains.mps.generator.impl.GenerationController.generateModel(GenerationController.java:189)
			at jetbrains.mps.generator.impl.GenerationController.generateModelsInModule(GenerationController.java:148)
			at jetbrains.mps.generator.impl.GenerationController.generate(GenerationController.java:101)
			at jetbrains.mps.generator.GenerationFacade$2$1.compute(GenerationFacade.java:168)
			at jetbrains.mps.generator.GenerationFacade$2$1.compute(GenerationFacade.java:165)
			at jetbrains.mps.ide.undo.WorkbenchUndoHandler.runNonUndoableAction(WorkbenchUndoHandler.java:46)
			at jetbrains.mps.smodel.UndoHelper.runNonUndoableAction(UndoHelper.java:61)
			at jetbrains.mps.generator.GenerationFacade$2.run(GenerationFacade.java:165)
			at jetbrains.mps.ide.smodel.WorkbenchModelAccess$8.compute(WorkbenchModelAccess.java:312)
			at jetbrains.mps.ide.smodel.WorkbenchModelAccess$8.compute(WorkbenchModelAccess.java:307)
			at com.intellij.openapi.application.impl.ApplicationImpl.runReadAction(ApplicationImpl.java:921)
			at jetbrains.mps.ide.smodel.WorkbenchModelAccess.tryRead(WorkbenchModelAccess.java:307)
			at jetbrains.mps.ide.smodel.WorkbenchModelAccess.requireRead(WorkbenchModelAccess.java:357)
			at jetbrains.mps.generator.GenerationFacade.generateModels(GenerationFacade.java:162)
			at jetbrains.mps.lang.core.plugin.Generate_Facet$Target_generate$1.execute(Generate_Facet.java:574)
			at jetbrains.mps.internal.make.runtime.script.Script$3.invoke(Script.java:306)
			at jetbrains.mps.internal.make.runtime.script.Script$3.invoke(Script.java:250)
			at jetbrains.mps.ide.make.WorkbenchMakeService$Controller.runJobWithMonitor(WorkbenchMakeService.java:350)
			at jetbrains.mps.internal.make.runtime.script.Script.executeTargets(Script.java:250)
			at jetbrains.mps.internal.make.runtime.script.Script.execute(Script.java:226)
			at jetbrains.mps.make.service.CoreMakeTask$2.invoke(CoreMakeTask.java:114)
			at jetbrains.mps.make.service.CoreMakeTask$2.invoke(CoreMakeTask.java:88)
			at jetbrains.mps.make.dependencies.MakeSequence.iterate(MakeSequence.java:79)
			at jetbrains.mps.make.service.CoreMakeTask.doRun(CoreMakeTask.java:88)
			at jetbrains.mps.ide.make.MakeTask$WorkbenchMakeTask.doRun(MakeTask.java:154)
			at jetbrains.mps.make.service.CoreMakeTask.run(CoreMakeTask.java:67)
			at jetbrains.mps.ide.make.MakeTask$1.run(MakeTask.java:66)
			at java.lang.Thread.run(Thread.java:695)

-------------------------
r:00000000-0000-4000-0000-011c895902e9(jetbrains.mps.lang.generator.generator.baseLanguage.template.main@generator) in 731554740237426292
		java.lang.Throwable
			at jetbrains.mps.generator.impl.dependencies.IncrementalDependenciesBuilder.reportModelAccess(IncrementalDependenciesBuilder.java:115)
			at jetbrains.mps.generator.impl.dependencies.RootDependenciesBuilder.addModelAccess(RootDependenciesBuilder.java:93)
			at jetbrains.mps.generator.impl.dependencies.RootDependenciesBuilder.nodeUnclassifiedReadAccess(RootDependenciesBuilder.java:170)
			at jetbrains.mps.smodel.NodeReadEventsCaster$ListenersContainer.fireNodeUnclassifiedReadAccess(NodeReadEventsCaster.java:131)
			at jetbrains.mps.smodel.NodeReadEventsCaster.fireNodeUnclassifiedReadAccess(NodeReadEventsCaster.java:54)
			at jetbrains.mps.smodel.SNode.fireNodeUnclassifiedReadAccess(SNode.java:1023)
			at jetbrains.mps.smodel.SNode$ChildrenList$ChildrenIterator.readNode(SNode.java:1125)
			at jetbrains.mps.smodel.SNode$ChildrenList$ChildrenIterator.getCurrent(SNode.java:1113)
			at jetbrains.mps.smodel.SNode$ChildrenList$ChildrenIterator.getCurrent(SNode.java:1077)
			at jetbrains.mps.util.AbstractSequentialList$AbstractSequentialIterator.hasNext(AbstractSequentialList.java:100)
			at jetbrains.mps.lang.smodel.generator.smodelAdapter.SLinkOperations.getTarget(SLinkOperations.java:31)
			at jetbrains.mps.generator.impl.RuleUtil.getDropRuleCondition(RuleUtil.java:151)
			at jetbrains.mps.generator.impl.interpreted.ReflectiveQueryProvider.getDropRuleCondition(ReflectiveQueryProvider.java:118)
			at jetbrains.mps.generator.impl.interpreted.TemplateDropRuleInterpreted.isApplicable(TemplateDropRuleInterpreted.java:53)
			at jetbrains.mps.generator.template.DefaultQueryExecutionContext.isApplicable(DefaultQueryExecutionContext.java:367)
			at jetbrains.mps.generator.impl.template.QueryExecutionContextWithDependencyRecording.isApplicable(QueryExecutionContextWithDependencyRecording.java:312)
			at jetbrains.mps.generator.impl.TemplateGenerator$NodeCopyFacility.isApplicableDropRootRule(TemplateGenerator.java:709)
			at jetbrains.mps.generator.impl.TemplateGenerator$NodeCopyFacility.checkDropRules(TemplateGenerator.java:689)
			at jetbrains.mps.generator.impl.TemplateGenerator.copyRootInputNode(TemplateGenerator.java:411)
			at jetbrains.mps.generator.impl.TemplateGenerator.applyReductions(TemplateGenerator.java:291)
			at jetbrains.mps.generator.impl.TemplateGenerator.apply(TemplateGenerator.java:160)
			at jetbrains.mps.generator.impl.GenerationSession.applyRules(GenerationSession.java:476)
			at jetbrains.mps.generator.impl.GenerationSession.executeMajorStepInternal(GenerationSession.java:381)
			at jetbrains.mps.generator.impl.GenerationSession.executeMajorStep(GenerationSession.java:340)
			at jetbrains.mps.generator.impl.GenerationSession.generateModel(GenerationSession.java:232)
			at jetbrains.mps.generator.impl.GenerationController.generateModel(GenerationController.java:189)
			at jetbrains.mps.generator.impl.GenerationController.generateModelsInModule(GenerationController.java:148)
			at jetbrains.mps.generator.impl.GenerationController.generate(GenerationController.java:101)
			at jetbrains.mps.generator.GenerationFacade$2$1.compute(GenerationFacade.java:168)
			at jetbrains.mps.generator.GenerationFacade$2$1.compute(GenerationFacade.java:165)
			at jetbrains.mps.ide.undo.WorkbenchUndoHandler.runNonUndoableAction(WorkbenchUndoHandler.java:46)
			at jetbrains.mps.smodel.UndoHelper.runNonUndoableAction(UndoHelper.java:61)
			at jetbrains.mps.generator.GenerationFacade$2.run(GenerationFacade.java:165)
			at jetbrains.mps.ide.smodel.WorkbenchModelAccess$8.compute(WorkbenchModelAccess.java:312)
			at jetbrains.mps.ide.smodel.WorkbenchModelAccess$8.compute(WorkbenchModelAccess.java:307)
			at com.intellij.openapi.application.impl.ApplicationImpl.runReadAction(ApplicationImpl.java:921)
			at jetbrains.mps.ide.smodel.WorkbenchModelAccess.tryRead(WorkbenchModelAccess.java:307)
			at jetbrains.mps.ide.smodel.WorkbenchModelAccess.requireRead(WorkbenchModelAccess.java:357)
			at jetbrains.mps.generator.GenerationFacade.generateModels(GenerationFacade.java:162)
			at jetbrains.mps.lang.core.plugin.Generate_Facet$Target_generate$1.execute(Generate_Facet.java:574)
			at jetbrains.mps.internal.make.runtime.script.Script$3.invoke(Script.java:306)
			at jetbrains.mps.internal.make.runtime.script.Script$3.invoke(Script.java:250)
			at jetbrains.mps.ide.make.WorkbenchMakeService$Controller.runJobWithMonitor(WorkbenchMakeService.java:350)
			at jetbrains.mps.internal.make.runtime.script.Script.executeTargets(Script.java:250)
			at jetbrains.mps.internal.make.runtime.script.Script.execute(Script.java:226)
			at jetbrains.mps.make.service.CoreMakeTask$2.invoke(CoreMakeTask.java:114)
			at jetbrains.mps.make.service.CoreMakeTask$2.invoke(CoreMakeTask.java:88)
			at jetbrains.mps.make.dependencies.MakeSequence.iterate(MakeSequence.java:79)
			at jetbrains.mps.make.service.CoreMakeTask.doRun(CoreMakeTask.java:88)
			at jetbrains.mps.ide.make.MakeTask$WorkbenchMakeTask.doRun(MakeTask.java:154)
			at jetbrains.mps.make.service.CoreMakeTask.run(CoreMakeTask.java:67)
			at jetbrains.mps.ide.make.MakeTask$1.run(MakeTask.java:66)
			at java.lang.Thread.run(Thread.java:695)

-------------------------
r:b4d7d620-6723-4aa2-856b-118497e84e9e(jetbrains.mps.baseLanguage.generator.java.strings@generator) in common
		java.lang.Throwable
			at jetbrains.mps.generator.impl.dependencies.IncrementalDependenciesBuilder.reportModelAccess(IncrementalDependenciesBuilder.java:115)
			at jetbrains.mps.generator.impl.dependencies.RootDependenciesBuilder.addModelAccess(RootDependenciesBuilder.java:93)
			at jetbrains.mps.generator.impl.dependencies.RootDependenciesBuilder.nodeUnclassifiedReadAccess(RootDependenciesBuilder.java:170)
			at jetbrains.mps.smodel.NodeReadEventsCaster$ListenersContainer.fireNodeUnclassifiedReadAccess(NodeReadEventsCaster.java:131)
			at jetbrains.mps.smodel.NodeReadEventsCaster.fireNodeUnclassifiedReadAccess(NodeReadEventsCaster.java:54)
			at jetbrains.mps.smodel.SNode.fireNodeUnclassifiedReadAccess(SNode.java:1023)
			at jetbrains.mps.smodel.SNode$ChildrenList$ChildrenIterator.readNode(SNode.java:1125)
			at jetbrains.mps.smodel.SNode$ChildrenList$ChildrenIterator.getCurrent(SNode.java:1113)
			at jetbrains.mps.smodel.SNode$ChildrenList$ChildrenIterator.getCurrent(SNode.java:1077)
			at jetbrains.mps.util.AbstractSequentialList$AbstractSequentialIterator.hasNext(AbstractSequentialList.java:100)
			at jetbrains.mps.lang.smodel.generator.smodelAdapter.SLinkOperations.getTarget(SLinkOperations.java:31)
			at jetbrains.mps.generator.impl.RuleUtil.getCreateRootRuleCondition(RuleUtil.java:139)
			at jetbrains.mps.generator.impl.interpreted.ReflectiveQueryProvider.getCreateRootRuleCondition(ReflectiveQueryProvider.java:77)
			at jetbrains.mps.generator.impl.interpreted.TemplateCreateRootRuleInterpreted.isApplicable(TemplateCreateRootRuleInterpreted.java:51)
			at jetbrains.mps.generator.template.DefaultQueryExecutionContext.isApplicable(DefaultQueryExecutionContext.java:367)
			at jetbrains.mps.generator.impl.template.QueryExecutionContextWithDependencyRecording.isApplicable(QueryExecutionContextWithDependencyRecording.java:312)
			at jetbrains.mps.generator.impl.TemplateGenerator.applyCreateRoot(TemplateGenerator.java:298)
			at jetbrains.mps.generator.impl.TemplateGenerator.applyReductions(TemplateGenerator.java:266)
			at jetbrains.mps.generator.impl.TemplateGenerator.apply(TemplateGenerator.java:160)
			at jetbrains.mps.generator.impl.GenerationSession.applyRules(GenerationSession.java:476)
			at jetbrains.mps.generator.impl.GenerationSession.executeMajorStepInternal(GenerationSession.java:381)
			at jetbrains.mps.generator.impl.GenerationSession.executeMajorStep(GenerationSession.java:340)
			at jetbrains.mps.generator.impl.GenerationSession.generateModel(GenerationSession.java:232)
			at jetbrains.mps.generator.impl.GenerationController.generateModel(GenerationController.java:189)
			at jetbrains.mps.generator.impl.GenerationController.generateModelsInModule(GenerationController.java:148)
			at jetbrains.mps.generator.impl.GenerationController.generate(GenerationController.java:101)
			at jetbrains.mps.generator.GenerationFacade$2$1.compute(GenerationFacade.java:168)
			at jetbrains.mps.generator.GenerationFacade$2$1.compute(GenerationFacade.java:165)
			at jetbrains.mps.ide.undo.WorkbenchUndoHandler.runNonUndoableAction(WorkbenchUndoHandler.java:46)
			at jetbrains.mps.smodel.UndoHelper.runNonUndoableAction(UndoHelper.java:61)
			at jetbrains.mps.generator.GenerationFacade$2.run(GenerationFacade.java:165)
			at jetbrains.mps.ide.smodel.WorkbenchModelAccess$8.compute(WorkbenchModelAccess.java:312)
			at jetbrains.mps.ide.smodel.WorkbenchModelAccess$8.compute(WorkbenchModelAccess.java:307)
			at com.intellij.openapi.application.impl.ApplicationImpl.runReadAction(ApplicationImpl.java:921)
			at jetbrains.mps.ide.smodel.WorkbenchModelAccess.tryRead(WorkbenchModelAccess.java:307)
			at jetbrains.mps.ide.smodel.WorkbenchModelAccess.requireRead(WorkbenchModelAccess.java:357)
			at jetbrains.mps.generator.GenerationFacade.generateModels(GenerationFacade.java:162)
			at jetbrains.mps.lang.core.plugin.Generate_Facet$Target_generate$1.execute(Generate_Facet.java:574)
			at jetbrains.mps.internal.make.runtime.script.Script$3.invoke(Script.java:306)
			at jetbrains.mps.internal.make.runtime.script.Script$3.invoke(Script.java:250)
			at jetbrains.mps.ide.make.WorkbenchMakeService$Controller.runJobWithMonitor(WorkbenchMakeService.java:350)
			at jetbrains.mps.internal.make.runtime.script.Script.executeTargets(Script.java:250)
			at jetbrains.mps.internal.make.runtime.script.Script.execute(Script.java:226)
			at jetbrains.mps.make.service.CoreMakeTask$2.invoke(CoreMakeTask.java:114)
			at jetbrains.mps.make.service.CoreMakeTask$2.invoke(CoreMakeTask.java:88)
			at jetbrains.mps.make.dependencies.MakeSequence.iterate(MakeSequence.java:79)
			at jetbrains.mps.make.service.CoreMakeTask.doRun(CoreMakeTask.java:88)
			at jetbrains.mps.ide.make.MakeTask$WorkbenchMakeTask.doRun(MakeTask.java:154)
			at jetbrains.mps.make.service.CoreMakeTask.run(CoreMakeTask.java:67)
			at jetbrains.mps.ide.make.MakeTask$1.run(MakeTask.java:66)
			at java.lang.Thread.run(Thread.java:695)

