-------------------------
f:java_stub#6ed54515-acc8-4d1e-a16c-9fd6cfe951ea#jetbrains.mps.generator.runtime(MPS.Core/jetbrains.mps.generator.runtime@java_stub) in common
		java.lang.Throwable
			at jetbrains.mps.generator.impl.dependencies.IncrementalDependenciesBuilder.reportModelAccess(IncrementalDependenciesBuilder.java:115)
			at jetbrains.mps.generator.impl.dependencies.RootDependenciesBuilder.addModelAccess(RootDependenciesBuilder.java:93)
			at jetbrains.mps.generator.impl.dependencies.RootDependenciesBuilder.nodeUnclassifiedReadAccess(RootDependenciesBuilder.java:170)
			at jetbrains.mps.smodel.NodeReadEventsCaster$ListenersContainer.fireNodeUnclassifiedReadAccess(NodeReadEventsCaster.java:131)
			at jetbrains.mps.smodel.NodeReadEventsCaster.fireNodeUnclassifiedReadAccess(NodeReadEventsCaster.java:54)
			at jetbrains.mps.smodel.SNode.fireNodeUnclassifiedReadAccess(SNode.java:1023)
			at jetbrains.mps.smodel.SModel.getNode(SModel.java:204)
			at jetbrains.mps.extapi.model.SModelBase.getNode(SModelBase.java:118)
			at jetbrains.mps.smodel.SNodePointer.resolve(SNodePointer.java:64)
			at jetbrains.mps.smodel.SNodePointer.getNode(SNodePointer.java:132)
			at jetbrains.mps.lang.smodel.generator.smodelAdapter.SNodeOperations.getNode(SNodeOperations.java:597)
			at jetbrains.mps.lang.generator.generator.baseLanguage.template.main.QueriesGenerated.dropRootRule_Condition_4914935534439454950(QueriesGenerated.java:55)
			at sun.reflect.NativeMethodAccessorImpl.invoke0(Native Method)
			at sun.reflect.NativeMethodAccessorImpl.invoke(NativeMethodAccessorImpl.java:39)
			at sun.reflect.DelegatingMethodAccessorImpl.invoke(DelegatingMethodAccessorImpl.java:25)
			at java.lang.reflect.Method.invoke(Method.java:597)
			at jetbrains.mps.util.QueryMethodGenerated$2.invoke(QueryMethodGenerated.java:212)
			at jetbrains.mps.generator.impl.interpreted.ReflectiveQueryProvider$Impl.check(ReflectiveQueryProvider.java:277)
			at jetbrains.mps.generator.impl.interpreted.TemplateDropRuleInterpreted.isApplicable(TemplateDropRuleInterpreted.java:55)
			at jetbrains.mps.generator.template.DefaultQueryExecutionContext.isApplicable(DefaultQueryExecutionContext.java:367)
			at jetbrains.mps.generator.impl.template.QueryExecutionContextWithDependencyRecording.isApplicable(QueryExecutionContextWithDependencyRecording.java:312)
			at jetbrains.mps.generator.impl.TemplateGenerator$NodeCopyFacility.isApplicableDropRootRule(TemplateGenerator.java:709)
			at jetbrains.mps.generator.impl.TemplateGenerator$NodeCopyFacility.checkDropRules(TemplateGenerator.java:689)
			at jetbrains.mps.generator.impl.TemplateGenerator.copyRootInputNode(TemplateGenerator.java:411)
			at jetbrains.mps.generator.impl.TemplateGenerator.applyReductions(TemplateGenerator.java:291)
			at jetbrains.mps.generator.impl.TemplateGenerator.apply(TemplateGenerator.java:160)
			at jetbrains.mps.generator.impl.GenerationSession.applyRules(GenerationSession.java:476)
			at jetbrains.mps.generator.impl.GenerationSession.executeMajorStepInternal(GenerationSession.java:381)
			at jetbrains.mps.generator.impl.GenerationSession.executeMajorStep(GenerationSession.java:340)
			at jetbrains.mps.generator.impl.GenerationSession.generateModel(GenerationSession.java:232)
			at jetbrains.mps.generator.impl.GenerationController.generateModel(GenerationController.java:189)
			at jetbrains.mps.generator.impl.GenerationController.generateModelsInModule(GenerationController.java:148)
			at jetbrains.mps.generator.impl.GenerationController.generate(GenerationController.java:101)
			at jetbrains.mps.generator.GenerationFacade$2$1.compute(GenerationFacade.java:168)
			at jetbrains.mps.generator.GenerationFacade$2$1.compute(GenerationFacade.java:165)
			at jetbrains.mps.ide.undo.WorkbenchUndoHandler.runNonUndoableAction(WorkbenchUndoHandler.java:46)
			at jetbrains.mps.smodel.UndoHelper.runNonUndoableAction(UndoHelper.java:61)
			at jetbrains.mps.generator.GenerationFacade$2.run(GenerationFacade.java:165)
			at jetbrains.mps.ide.smodel.WorkbenchModelAccess$8.compute(WorkbenchModelAccess.java:312)
			at jetbrains.mps.ide.smodel.WorkbenchModelAccess$8.compute(WorkbenchModelAccess.java:307)
			at com.intellij.openapi.application.impl.ApplicationImpl.runReadAction(ApplicationImpl.java:921)
			at jetbrains.mps.ide.smodel.WorkbenchModelAccess.tryRead(WorkbenchModelAccess.java:307)
			at jetbrains.mps.ide.smodel.WorkbenchModelAccess.requireRead(WorkbenchModelAccess.java:357)
			at jetbrains.mps.generator.GenerationFacade.generateModels(GenerationFacade.java:162)
			at jetbrains.mps.lang.core.plugin.Generate_Facet$Target_generate$1.execute(Generate_Facet.java:574)
			at jetbrains.mps.internal.make.runtime.script.Script$3.invoke(Script.java:306)
			at jetbrains.mps.internal.make.runtime.script.Script$3.invoke(Script.java:250)
			at jetbrains.mps.ide.make.WorkbenchMakeService$Controller.runJobWithMonitor(WorkbenchMakeService.java:350)
			at jetbrains.mps.internal.make.runtime.script.Script.executeTargets(Script.java:250)
			at jetbrains.mps.internal.make.runtime.script.Script.execute(Script.java:226)
			at jetbrains.mps.make.service.CoreMakeTask$2.invoke(CoreMakeTask.java:114)
			at jetbrains.mps.make.service.CoreMakeTask$2.invoke(CoreMakeTask.java:88)
			at jetbrains.mps.make.dependencies.MakeSequence.iterate(MakeSequence.java:79)
			at jetbrains.mps.make.service.CoreMakeTask.doRun(CoreMakeTask.java:88)
			at jetbrains.mps.ide.make.MakeTask$WorkbenchMakeTask.doRun(MakeTask.java:154)
			at jetbrains.mps.make.service.CoreMakeTask.run(CoreMakeTask.java:67)
			at jetbrains.mps.ide.make.MakeTask$1.run(MakeTask.java:66)
			at java.lang.Thread.run(Thread.java:695)

-------------------------
r:00000000-0000-4000-0000-011c89590288(jetbrains.mps.lang.core.structure) in common
		java.lang.Throwable
			at jetbrains.mps.generator.impl.dependencies.IncrementalDependenciesBuilder.reportModelAccess(IncrementalDependenciesBuilder.java:115)
			at jetbrains.mps.generator.impl.dependencies.RootDependenciesBuilder.addModelAccess(RootDependenciesBuilder.java:93)
			at jetbrains.mps.generator.impl.dependencies.RootDependenciesBuilder.nodeUnclassifiedReadAccess(RootDependenciesBuilder.java:170)
			at jetbrains.mps.smodel.NodeReadEventsCaster$ListenersContainer.fireNodeUnclassifiedReadAccess(NodeReadEventsCaster.java:131)
			at jetbrains.mps.smodel.NodeReadEventsCaster.fireNodeUnclassifiedReadAccess(NodeReadEventsCaster.java:54)
			at jetbrains.mps.smodel.SNode.fireNodeUnclassifiedReadAccess(SNode.java:1023)
			at jetbrains.mps.smodel.SModel.getNode(SModel.java:204)
			at jetbrains.mps.extapi.model.SModelBase.getNode(SModelBase.java:118)
			at jetbrains.mps.smodel.StaticReference.getTargetNode_internal(StaticReference.java:118)
			at jetbrains.mps.smodel.SReference.getTargetNode(SReference.java:66)
			at jetbrains.mps.smodel.SNode.getReferenceTarget(SNode.java:411)
			at jetbrains.mps.smodel.SNode.getReferenceTarget(SNode.java:50)
			at jetbrains.mps.lang.smodel.generator.smodelAdapter.SLinkOperations.getTarget(SLinkOperations.java:33)
			at jetbrains.mps.lang.smodel.generator.baseLanguage.template.main.QueriesGenerated.baseMappingRule_Condition_1195249254987(QueriesGenerated.java:80)
			at sun.reflect.NativeMethodAccessorImpl.invoke0(Native Method)
			at sun.reflect.NativeMethodAccessorImpl.invoke(NativeMethodAccessorImpl.java:39)
			at sun.reflect.DelegatingMethodAccessorImpl.invoke(DelegatingMethodAccessorImpl.java:25)
			at java.lang.reflect.Method.invoke(Method.java:597)
			at jetbrains.mps.util.QueryMethodGenerated$2.invoke(QueryMethodGenerated.java:212)
			at jetbrains.mps.generator.impl.interpreted.ReflectiveQueryProvider$Impl.check(ReflectiveQueryProvider.java:342)
			at jetbrains.mps.generator.template.DefaultQueryExecutionContext.evaluate(DefaultQueryExecutionContext.java:87)
			at jetbrains.mps.generator.impl.template.QueryExecutionContextWithDependencyRecording.evaluate(QueryExecutionContextWithDependencyRecording.java:91)
			at jetbrains.mps.generator.impl.RuleConsequenceProcessor$InlineSwitch.processRuleConsequence(RuleConsequenceProcessor.java:71)
			at jetbrains.mps.generator.impl.interpreted.TemplateReductionRuleInterpreted.doApply(TemplateReductionRuleInterpreted.java:68)
			at jetbrains.mps.generator.runtime.ReductionRuleBase.tryToApply(ReductionRuleBase.java:61)
			at jetbrains.mps.generator.template.DefaultQueryExecutionContext.tryToApply(DefaultQueryExecutionContext.java:348)
			at jetbrains.mps.generator.impl.template.QueryExecutionContextWithDependencyRecording.tryToApply(QueryExecutionContextWithDependencyRecording.java:297)
			at jetbrains.mps.generator.impl.TemplateExecutionEnvironmentImpl.tryToReduce(TemplateExecutionEnvironmentImpl.java:386)
			at jetbrains.mps.generator.impl.TemplateExecutionEnvironmentImpl.tryToReduce(TemplateExecutionEnvironmentImpl.java:341)
			at jetbrains.mps.generator.impl.TemplateGenerator.copyNodes(TemplateGenerator.java:510)
			at jetbrains.mps.generator.impl.TemplateExecutionEnvironmentImpl.copyNodes(TemplateExecutionEnvironmentImpl.java:164)
			at jetbrains.mps.generator.impl.TemplateProcessor$CopySrcMacros.apply(TemplateProcessor.java:431)
			at jetbrains.mps.generator.impl.TemplateProcessor.applyMacro(TemplateProcessor.java:111)
			at jetbrains.mps.generator.impl.TemplateProcessor.apply(TemplateProcessor.java:93)
			at jetbrains.mps.generator.impl.TemplateContainer.processRuleConsequence(TemplateContainer.java:79)
			at jetbrains.mps.generator.impl.interpreted.TemplateReductionRuleInterpreted.doApply(TemplateReductionRuleInterpreted.java:68)
			at jetbrains.mps.generator.runtime.ReductionRuleBase.tryToApply(ReductionRuleBase.java:61)
			at jetbrains.mps.generator.template.DefaultQueryExecutionContext.tryToApply(DefaultQueryExecutionContext.java:348)
			at jetbrains.mps.generator.impl.template.QueryExecutionContextWithDependencyRecording.tryToApply(QueryExecutionContextWithDependencyRecording.java:297)
			at jetbrains.mps.generator.impl.TemplateExecutionEnvironmentImpl.tryToReduce(TemplateExecutionEnvironmentImpl.java:386)
			at jetbrains.mps.generator.impl.TemplateExecutionEnvironmentImpl.tryToReduce(TemplateExecutionEnvironmentImpl.java:341)
			at jetbrains.mps.generator.impl.TemplateGenerator.copyNodes(TemplateGenerator.java:510)
			at jetbrains.mps.generator.impl.TemplateExecutionEnvironmentImpl.copyNodes(TemplateExecutionEnvironmentImpl.java:164)
			at jetbrains.mps.generator.impl.TemplateProcessor$CopySrcMacros.apply(TemplateProcessor.java:431)
			at jetbrains.mps.generator.impl.TemplateProcessor.applyMacro(TemplateProcessor.java:111)
			at jetbrains.mps.generator.impl.TemplateProcessor.applyTemplate(TemplateProcessor.java:141)
			at jetbrains.mps.generator.impl.TemplateProcessor.apply(TemplateProcessor.java:95)
			at jetbrains.mps.generator.impl.TemplateContainer.processRuleConsequence(TemplateContainer.java:79)
			at jetbrains.mps.generator.impl.interpreted.TemplateReductionRuleInterpreted.doApply(TemplateReductionRuleInterpreted.java:68)
			at jetbrains.mps.generator.runtime.ReductionRuleBase.tryToApply(ReductionRuleBase.java:61)
			at jetbrains.mps.generator.template.DefaultQueryExecutionContext.tryToApply(DefaultQueryExecutionContext.java:348)
			at jetbrains.mps.generator.impl.template.QueryExecutionContextWithDependencyRecording.tryToApply(QueryExecutionContextWithDependencyRecording.java:297)
			at jetbrains.mps.generator.impl.TemplateExecutionEnvironmentImpl.tryToReduce(TemplateExecutionEnvironmentImpl.java:386)
			at jetbrains.mps.generator.impl.TemplateExecutionEnvironmentImpl.tryToReduce(TemplateExecutionEnvironmentImpl.java:341)
			at jetbrains.mps.generator.impl.TemplateGenerator$PartialCopyFacility.visitInputNode(TemplateGenerator.java:795)
			at jetbrains.mps.generator.impl.TemplateGenerator$PartialCopyFacility.visitInputNode(TemplateGenerator.java:800)
			at jetbrains.mps.generator.impl.TemplateGenerator$PartialCopyFacility.visitInputNode(TemplateGenerator.java:800)
			at jetbrains.mps.generator.impl.TemplateGenerator$PartialCopyFacility.copyRootInputNode(TemplateGenerator.java:776)
			at jetbrains.mps.generator.impl.TemplateGenerator.copyRootInputNode(TemplateGenerator.java:415)
			at jetbrains.mps.generator.impl.TemplateGenerator.applyReductions(TemplateGenerator.java:291)
			at jetbrains.mps.generator.impl.TemplateGenerator.apply(TemplateGenerator.java:160)
			at jetbrains.mps.generator.impl.GenerationSession.applyRules(GenerationSession.java:476)
			at jetbrains.mps.generator.impl.GenerationSession.executeMajorStepInternal(GenerationSession.java:381)
			at jetbrains.mps.generator.impl.GenerationSession.executeMajorStep(GenerationSession.java:340)
			at jetbrains.mps.generator.impl.GenerationSession.generateModel(GenerationSession.java:232)
			at jetbrains.mps.generator.impl.GenerationController.generateModel(GenerationController.java:189)
			at jetbrains.mps.generator.impl.GenerationController.generateModelsInModule(GenerationController.java:148)
			at jetbrains.mps.generator.impl.GenerationController.generate(GenerationController.java:101)
			at jetbrains.mps.generator.GenerationFacade$2$1.compute(GenerationFacade.java:168)
			at jetbrains.mps.generator.GenerationFacade$2$1.compute(GenerationFacade.java:165)
			at jetbrains.mps.ide.undo.WorkbenchUndoHandler.runNonUndoableAction(WorkbenchUndoHandler.java:46)
			at jetbrains.mps.smodel.UndoHelper.runNonUndoableAction(UndoHelper.java:61)
			at jetbrains.mps.generator.GenerationFacade$2.run(GenerationFacade.java:165)
			at jetbrains.mps.ide.smodel.WorkbenchModelAccess$8.compute(WorkbenchModelAccess.java:312)
			at jetbrains.mps.ide.smodel.WorkbenchModelAccess$8.compute(WorkbenchModelAccess.java:307)
			at com.intellij.openapi.application.impl.ApplicationImpl.runReadAction(ApplicationImpl.java:921)
			at jetbrains.mps.ide.smodel.WorkbenchModelAccess.tryRead(WorkbenchModelAccess.java:307)
			at jetbrains.mps.ide.smodel.WorkbenchModelAccess.requireRead(WorkbenchModelAccess.java:357)
			at jetbrains.mps.generator.GenerationFacade.generateModels(GenerationFacade.java:162)
			at jetbrains.mps.lang.core.plugin.Generate_Facet$Target_generate$1.execute(Generate_Facet.java:574)
			at jetbrains.mps.internal.make.runtime.script.Script$3.invoke(Script.java:306)
			at jetbrains.mps.internal.make.runtime.script.Script$3.invoke(Script.java:250)
			at jetbrains.mps.ide.make.WorkbenchMakeService$Controller.runJobWithMonitor(WorkbenchMakeService.java:350)
			at jetbrains.mps.internal.make.runtime.script.Script.executeTargets(Script.java:250)
			at jetbrains.mps.internal.make.runtime.script.Script.execute(Script.java:226)
			at jetbrains.mps.make.service.CoreMakeTask$2.invoke(CoreMakeTask.java:114)
			at jetbrains.mps.make.service.CoreMakeTask$2.invoke(CoreMakeTask.java:88)
			at jetbrains.mps.make.dependencies.MakeSequence.iterate(MakeSequence.java:79)
			at jetbrains.mps.make.service.CoreMakeTask.doRun(CoreMakeTask.java:88)
			at jetbrains.mps.ide.make.MakeTask$WorkbenchMakeTask.doRun(MakeTask.java:154)
			at jetbrains.mps.make.service.CoreMakeTask.run(CoreMakeTask.java:67)
			at jetbrains.mps.ide.make.MakeTask$1.run(MakeTask.java:66)
			at java.lang.Thread.run(Thread.java:695)

-------------------------
r:00000000-0000-4000-0000-011c895902cd(jetbrains.mps.baseLanguage.generator.java.main@generator) in common
		java.lang.Throwable
			at jetbrains.mps.generator.impl.dependencies.IncrementalDependenciesBuilder.reportModelAccess(IncrementalDependenciesBuilder.java:115)
			at jetbrains.mps.generator.impl.dependencies.RootDependenciesBuilder.addModelAccess(RootDependenciesBuilder.java:93)
			at jetbrains.mps.generator.impl.dependencies.RootDependenciesBuilder.nodeUnclassifiedReadAccess(RootDependenciesBuilder.java:170)
			at jetbrains.mps.smodel.NodeReadEventsCaster$ListenersContainer.fireNodeUnclassifiedReadAccess(NodeReadEventsCaster.java:131)
			at jetbrains.mps.smodel.NodeReadEventsCaster.fireNodeUnclassifiedReadAccess(NodeReadEventsCaster.java:54)
			at jetbrains.mps.smodel.SNode.fireNodeUnclassifiedReadAccess(SNode.java:1023)
			at jetbrains.mps.smodel.SNode$ChildrenList$ChildrenIterator.readNode(SNode.java:1125)
			at jetbrains.mps.smodel.SNode$ChildrenList$ChildrenIterator.getCurrent(SNode.java:1113)
			at jetbrains.mps.smodel.SNode$ChildrenList$ChildrenIterator.getCurrent(SNode.java:1077)
			at jetbrains.mps.util.AbstractSequentialList$AbstractSequentialIterator.hasNext(AbstractSequentialList.java:100)
			at jetbrains.mps.lang.smodel.generator.smodelAdapter.SLinkOperations.getTarget(SLinkOperations.java:31)
			at jetbrains.mps.generator.impl.RuleUtil.getBaseRuleCondition(RuleUtil.java:135)
			at jetbrains.mps.generator.impl.interpreted.ReflectiveQueryProvider.getBaseRuleConditionMethod(ReflectiveQueryProvider.java:220)
			at jetbrains.mps.generator.impl.interpreted.ReflectiveQueryProvider.getReductionRuleCondition(ReflectiveQueryProvider.java:98)
			at jetbrains.mps.generator.impl.interpreted.TemplateReductionRuleInterpreted.isApplicable(TemplateReductionRuleInterpreted.java:56)
			at jetbrains.mps.generator.template.DefaultQueryExecutionContext.isApplicable(DefaultQueryExecutionContext.java:367)
			at jetbrains.mps.generator.impl.template.QueryExecutionContextWithDependencyRecording.isApplicable(QueryExecutionContextWithDependencyRecording.java:312)
			at jetbrains.mps.generator.impl.TemplateExecutionEnvironmentImpl.tryToReduce(TemplateExecutionEnvironmentImpl.java:379)
			at jetbrains.mps.generator.impl.TemplateExecutionEnvironmentImpl.tryToReduce(TemplateExecutionEnvironmentImpl.java:341)
			at jetbrains.mps.generator.impl.TemplateGenerator$PartialCopyFacility.visitInputNode(TemplateGenerator.java:795)
			at jetbrains.mps.generator.impl.TemplateGenerator$PartialCopyFacility.visitInputNode(TemplateGenerator.java:800)
			at jetbrains.mps.generator.impl.TemplateGenerator$PartialCopyFacility.visitInputNode(TemplateGenerator.java:800)
			at jetbrains.mps.generator.impl.TemplateGenerator$PartialCopyFacility.copyRootInputNode(TemplateGenerator.java:776)
			at jetbrains.mps.generator.impl.TemplateGenerator.copyRootInputNode(TemplateGenerator.java:415)
			at jetbrains.mps.generator.impl.TemplateGenerator.applyReductions(TemplateGenerator.java:291)
			at jetbrains.mps.generator.impl.TemplateGenerator.apply(TemplateGenerator.java:160)
			at jetbrains.mps.generator.impl.GenerationSession.applyRules(GenerationSession.java:476)
			at jetbrains.mps.generator.impl.GenerationSession.executeMajorStepInternal(GenerationSession.java:381)
			at jetbrains.mps.generator.impl.GenerationSession.executeMajorStep(GenerationSession.java:340)
			at jetbrains.mps.generator.impl.GenerationSession.generateModel(GenerationSession.java:232)
			at jetbrains.mps.generator.impl.GenerationController.generateModel(GenerationController.java:189)
			at jetbrains.mps.generator.impl.GenerationController.generateModelsInModule(GenerationController.java:148)
			at jetbrains.mps.generator.impl.GenerationController.generate(GenerationController.java:101)
			at jetbrains.mps.generator.GenerationFacade$2$1.compute(GenerationFacade.java:168)
			at jetbrains.mps.generator.GenerationFacade$2$1.compute(GenerationFacade.java:165)
			at jetbrains.mps.ide.undo.WorkbenchUndoHandler.runNonUndoableAction(WorkbenchUndoHandler.java:46)
			at jetbrains.mps.smodel.UndoHelper.runNonUndoableAction(UndoHelper.java:61)
			at jetbrains.mps.generator.GenerationFacade$2.run(GenerationFacade.java:165)
			at jetbrains.mps.ide.smodel.WorkbenchModelAccess$8.compute(WorkbenchModelAccess.java:312)
			at jetbrains.mps.ide.smodel.WorkbenchModelAccess$8.compute(WorkbenchModelAccess.java:307)
			at com.intellij.openapi.application.impl.ApplicationImpl.runReadAction(ApplicationImpl.java:921)
			at jetbrains.mps.ide.smodel.WorkbenchModelAccess.tryRead(WorkbenchModelAccess.java:307)
			at jetbrains.mps.ide.smodel.WorkbenchModelAccess.requireRead(WorkbenchModelAccess.java:357)
			at jetbrains.mps.generator.GenerationFacade.generateModels(GenerationFacade.java:162)
			at jetbrains.mps.lang.core.plugin.Generate_Facet$Target_generate$1.execute(Generate_Facet.java:574)
			at jetbrains.mps.internal.make.runtime.script.Script$3.invoke(Script.java:306)
			at jetbrains.mps.internal.make.runtime.script.Script$3.invoke(Script.java:250)
			at jetbrains.mps.ide.make.WorkbenchMakeService$Controller.runJobWithMonitor(WorkbenchMakeService.java:350)
			at jetbrains.mps.internal.make.runtime.script.Script.executeTargets(Script.java:250)
			at jetbrains.mps.internal.make.runtime.script.Script.execute(Script.java:226)
			at jetbrains.mps.make.service.CoreMakeTask$2.invoke(CoreMakeTask.java:114)
			at jetbrains.mps.make.service.CoreMakeTask$2.invoke(CoreMakeTask.java:88)
			at jetbrains.mps.make.dependencies.MakeSequence.iterate(MakeSequence.java:79)
			at jetbrains.mps.make.service.CoreMakeTask.doRun(CoreMakeTask.java:88)
			at jetbrains.mps.ide.make.MakeTask$WorkbenchMakeTask.doRun(MakeTask.java:154)
			at jetbrains.mps.make.service.CoreMakeTask.run(CoreMakeTask.java:67)
			at jetbrains.mps.ide.make.MakeTask$1.run(MakeTask.java:66)
			at java.lang.Thread.run(Thread.java:695)

-------------------------
r:00000000-0000-4000-0000-011c895902e9(jetbrains.mps.lang.generator.generator.baseLanguage.template.main@generator) in 1072453283806752529
		java.lang.Throwable
			at jetbrains.mps.generator.impl.dependencies.IncrementalDependenciesBuilder.reportModelAccess(IncrementalDependenciesBuilder.java:115)
			at jetbrains.mps.generator.impl.dependencies.RootDependenciesBuilder.addModelAccess(RootDependenciesBuilder.java:93)
			at jetbrains.mps.generator.impl.dependencies.RootDependenciesBuilder.nodeUnclassifiedReadAccess(RootDependenciesBuilder.java:170)
			at jetbrains.mps.smodel.NodeReadEventsCaster$ListenersContainer.fireNodeUnclassifiedReadAccess(NodeReadEventsCaster.java:131)
			at jetbrains.mps.smodel.NodeReadEventsCaster.fireNodeUnclassifiedReadAccess(NodeReadEventsCaster.java:54)
			at jetbrains.mps.smodel.SNode.fireNodeUnclassifiedReadAccess(SNode.java:1023)
			at jetbrains.mps.smodel.SNode$ChildrenList$ChildrenIterator.readNode(SNode.java:1125)
			at jetbrains.mps.smodel.SNode$ChildrenList$ChildrenIterator.getCurrent(SNode.java:1113)
			at jetbrains.mps.smodel.SNode$ChildrenList$ChildrenIterator.getCurrent(SNode.java:1077)
			at jetbrains.mps.util.AbstractSequentialList$AbstractSequentialIterator.hasNext(AbstractSequentialList.java:100)
			at jetbrains.mps.lang.smodel.generator.smodelAdapter.SLinkOperations.getTarget(SLinkOperations.java:31)
			at jetbrains.mps.generator.impl.RuleUtil.getDropRuleCondition(RuleUtil.java:151)
			at jetbrains.mps.generator.impl.interpreted.ReflectiveQueryProvider.getDropRuleCondition(ReflectiveQueryProvider.java:118)
			at jetbrains.mps.generator.impl.interpreted.TemplateDropRuleInterpreted.isApplicable(TemplateDropRuleInterpreted.java:53)
			at jetbrains.mps.generator.template.DefaultQueryExecutionContext.isApplicable(DefaultQueryExecutionContext.java:367)
			at jetbrains.mps.generator.impl.template.QueryExecutionContextWithDependencyRecording.isApplicable(QueryExecutionContextWithDependencyRecording.java:312)
			at jetbrains.mps.generator.impl.TemplateGenerator$NodeCopyFacility.isApplicableDropRootRule(TemplateGenerator.java:709)
			at jetbrains.mps.generator.impl.TemplateGenerator$NodeCopyFacility.checkDropRules(TemplateGenerator.java:689)
			at jetbrains.mps.generator.impl.TemplateGenerator.copyRootInputNode(TemplateGenerator.java:411)
			at jetbrains.mps.generator.impl.TemplateGenerator.applyReductions(TemplateGenerator.java:291)
			at jetbrains.mps.generator.impl.TemplateGenerator.apply(TemplateGenerator.java:160)
			at jetbrains.mps.generator.impl.GenerationSession.applyRules(GenerationSession.java:476)
			at jetbrains.mps.generator.impl.GenerationSession.executeMajorStepInternal(GenerationSession.java:381)
			at jetbrains.mps.generator.impl.GenerationSession.executeMajorStep(GenerationSession.java:340)
			at jetbrains.mps.generator.impl.GenerationSession.generateModel(GenerationSession.java:232)
			at jetbrains.mps.generator.impl.GenerationController.generateModel(GenerationController.java:189)
			at jetbrains.mps.generator.impl.GenerationController.generateModelsInModule(GenerationController.java:148)
			at jetbrains.mps.generator.impl.GenerationController.generate(GenerationController.java:101)
			at jetbrains.mps.generator.GenerationFacade$2$1.compute(GenerationFacade.java:168)
			at jetbrains.mps.generator.GenerationFacade$2$1.compute(GenerationFacade.java:165)
			at jetbrains.mps.ide.undo.WorkbenchUndoHandler.runNonUndoableAction(WorkbenchUndoHandler.java:46)
			at jetbrains.mps.smodel.UndoHelper.runNonUndoableAction(UndoHelper.java:61)
			at jetbrains.mps.generator.GenerationFacade$2.run(GenerationFacade.java:165)
			at jetbrains.mps.ide.smodel.WorkbenchModelAccess$8.compute(WorkbenchModelAccess.java:312)
			at jetbrains.mps.ide.smodel.WorkbenchModelAccess$8.compute(WorkbenchModelAccess.java:307)
			at com.intellij.openapi.application.impl.ApplicationImpl.runReadAction(ApplicationImpl.java:921)
			at jetbrains.mps.ide.smodel.WorkbenchModelAccess.tryRead(WorkbenchModelAccess.java:307)
			at jetbrains.mps.ide.smodel.WorkbenchModelAccess.requireRead(WorkbenchModelAccess.java:357)
			at jetbrains.mps.generator.GenerationFacade.generateModels(GenerationFacade.java:162)
			at jetbrains.mps.lang.core.plugin.Generate_Facet$Target_generate$1.execute(Generate_Facet.java:574)
			at jetbrains.mps.internal.make.runtime.script.Script$3.invoke(Script.java:306)
			at jetbrains.mps.internal.make.runtime.script.Script$3.invoke(Script.java:250)
			at jetbrains.mps.ide.make.WorkbenchMakeService$Controller.runJobWithMonitor(WorkbenchMakeService.java:350)
			at jetbrains.mps.internal.make.runtime.script.Script.executeTargets(Script.java:250)
			at jetbrains.mps.internal.make.runtime.script.Script.execute(Script.java:226)
			at jetbrains.mps.make.service.CoreMakeTask$2.invoke(CoreMakeTask.java:114)
			at jetbrains.mps.make.service.CoreMakeTask$2.invoke(CoreMakeTask.java:88)
			at jetbrains.mps.make.dependencies.MakeSequence.iterate(MakeSequence.java:79)
			at jetbrains.mps.make.service.CoreMakeTask.doRun(CoreMakeTask.java:88)
			at jetbrains.mps.ide.make.MakeTask$WorkbenchMakeTask.doRun(MakeTask.java:154)
			at jetbrains.mps.make.service.CoreMakeTask.run(CoreMakeTask.java:67)
			at jetbrains.mps.ide.make.MakeTask$1.run(MakeTask.java:66)
			at java.lang.Thread.run(Thread.java:695)

-------------------------
r:00000000-0000-4000-0000-011c89590303(jetbrains.mps.lang.smodel.generator.baseLanguage.template.main@generator) in common
		java.lang.Throwable
			at jetbrains.mps.generator.impl.dependencies.IncrementalDependenciesBuilder.reportModelAccess(IncrementalDependenciesBuilder.java:115)
			at jetbrains.mps.generator.impl.dependencies.RootDependenciesBuilder.addModelAccess(RootDependenciesBuilder.java:93)
			at jetbrains.mps.generator.impl.dependencies.RootDependenciesBuilder.nodeUnclassifiedReadAccess(RootDependenciesBuilder.java:170)
			at jetbrains.mps.smodel.NodeReadEventsCaster$ListenersContainer.fireNodeUnclassifiedReadAccess(NodeReadEventsCaster.java:131)
			at jetbrains.mps.smodel.NodeReadEventsCaster.fireNodeUnclassifiedReadAccess(NodeReadEventsCaster.java:54)
			at jetbrains.mps.smodel.SNode.fireNodeUnclassifiedReadAccess(SNode.java:1023)
			at jetbrains.mps.smodel.SNode$ChildrenList$ChildrenIterator.readNode(SNode.java:1125)
			at jetbrains.mps.smodel.SNode$ChildrenList$ChildrenIterator.getCurrent(SNode.java:1113)
			at jetbrains.mps.smodel.SNode$ChildrenList$ChildrenIterator.getCurrent(SNode.java:1077)
			at jetbrains.mps.util.AbstractSequentialList$AbstractSequentialIterator.hasNext(AbstractSequentialList.java:100)
			at jetbrains.mps.lang.smodel.generator.smodelAdapter.SLinkOperations.getTarget(SLinkOperations.java:31)
			at jetbrains.mps.generator.impl.RuleUtil.getBaseRuleCondition(RuleUtil.java:135)
			at jetbrains.mps.generator.impl.interpreted.ReflectiveQueryProvider.getBaseRuleConditionMethod(ReflectiveQueryProvider.java:220)
			at jetbrains.mps.generator.impl.interpreted.ReflectiveQueryProvider.getReductionRuleCondition(ReflectiveQueryProvider.java:98)
			at jetbrains.mps.generator.impl.interpreted.TemplateReductionRuleInterpreted.isApplicable(TemplateReductionRuleInterpreted.java:56)
			at jetbrains.mps.generator.template.DefaultQueryExecutionContext.isApplicable(DefaultQueryExecutionContext.java:367)
			at jetbrains.mps.generator.impl.template.QueryExecutionContextWithDependencyRecording.isApplicable(QueryExecutionContextWithDependencyRecording.java:312)
			at jetbrains.mps.generator.impl.TemplateExecutionEnvironmentImpl.tryToReduce(TemplateExecutionEnvironmentImpl.java:379)
			at jetbrains.mps.generator.impl.TemplateExecutionEnvironmentImpl.tryToReduce(TemplateExecutionEnvironmentImpl.java:341)
			at jetbrains.mps.generator.impl.TemplateGenerator.copyNodes(TemplateGenerator.java:510)
			at jetbrains.mps.generator.impl.TemplateExecutionEnvironmentImpl.copyNodes(TemplateExecutionEnvironmentImpl.java:164)
			at jetbrains.mps.generator.impl.TemplateProcessor$CopySrcMacros.apply(TemplateProcessor.java:431)
			at jetbrains.mps.generator.impl.TemplateProcessor.applyMacro(TemplateProcessor.java:111)
			at jetbrains.mps.generator.impl.TemplateProcessor.applyTemplate(TemplateProcessor.java:141)
			at jetbrains.mps.generator.impl.TemplateProcessor.apply(TemplateProcessor.java:95)
			at jetbrains.mps.generator.impl.TemplateContainer.processRuleConsequence(TemplateContainer.java:79)
			at jetbrains.mps.generator.impl.interpreted.TemplateReductionRuleInterpreted.doApply(TemplateReductionRuleInterpreted.java:68)
			at jetbrains.mps.generator.runtime.ReductionRuleBase.tryToApply(ReductionRuleBase.java:61)
			at jetbrains.mps.generator.template.DefaultQueryExecutionContext.tryToApply(DefaultQueryExecutionContext.java:348)
			at jetbrains.mps.generator.impl.template.QueryExecutionContextWithDependencyRecording.tryToApply(QueryExecutionContextWithDependencyRecording.java:297)
			at jetbrains.mps.generator.impl.TemplateExecutionEnvironmentImpl.tryToReduce(TemplateExecutionEnvironmentImpl.java:386)
			at jetbrains.mps.generator.impl.TemplateExecutionEnvironmentImpl.tryToReduce(TemplateExecutionEnvironmentImpl.java:341)
			at jetbrains.mps.generator.impl.TemplateGenerator$PartialCopyFacility.visitInputNode(TemplateGenerator.java:795)
			at jetbrains.mps.generator.impl.TemplateGenerator$PartialCopyFacility.visitInputNode(TemplateGenerator.java:800)
			at jetbrains.mps.generator.impl.TemplateGenerator$PartialCopyFacility.visitInputNode(TemplateGenerator.java:800)
			at jetbrains.mps.generator.impl.TemplateGenerator$PartialCopyFacility.copyRootInputNode(TemplateGenerator.java:776)
			at jetbrains.mps.generator.impl.TemplateGenerator.copyRootInputNode(TemplateGenerator.java:415)
			at jetbrains.mps.generator.impl.TemplateGenerator.applyReductions(TemplateGenerator.java:291)
			at jetbrains.mps.generator.impl.TemplateGenerator.apply(TemplateGenerator.java:160)
			at jetbrains.mps.generator.impl.GenerationSession.applyRules(GenerationSession.java:476)
			at jetbrains.mps.generator.impl.GenerationSession.executeMajorStepInternal(GenerationSession.java:381)
			at jetbrains.mps.generator.impl.GenerationSession.executeMajorStep(GenerationSession.java:340)
			at jetbrains.mps.generator.impl.GenerationSession.generateModel(GenerationSession.java:232)
			at jetbrains.mps.generator.impl.GenerationController.generateModel(GenerationController.java:189)
			at jetbrains.mps.generator.impl.GenerationController.generateModelsInModule(GenerationController.java:148)
			at jetbrains.mps.generator.impl.GenerationController.generate(GenerationController.java:101)
			at jetbrains.mps.generator.GenerationFacade$2$1.compute(GenerationFacade.java:168)
			at jetbrains.mps.generator.GenerationFacade$2$1.compute(GenerationFacade.java:165)
			at jetbrains.mps.ide.undo.WorkbenchUndoHandler.runNonUndoableAction(WorkbenchUndoHandler.java:46)
			at jetbrains.mps.smodel.UndoHelper.runNonUndoableAction(UndoHelper.java:61)
			at jetbrains.mps.generator.GenerationFacade$2.run(GenerationFacade.java:165)
			at jetbrains.mps.ide.smodel.WorkbenchModelAccess$8.compute(WorkbenchModelAccess.java:312)
			at jetbrains.mps.ide.smodel.WorkbenchModelAccess$8.compute(WorkbenchModelAccess.java:307)
			at com.intellij.openapi.application.impl.ApplicationImpl.runReadAction(ApplicationImpl.java:921)
			at jetbrains.mps.ide.smodel.WorkbenchModelAccess.tryRead(WorkbenchModelAccess.java:307)
			at jetbrains.mps.ide.smodel.WorkbenchModelAccess.requireRead(WorkbenchModelAccess.java:357)
			at jetbrains.mps.generator.GenerationFacade.generateModels(GenerationFacade.java:162)
			at jetbrains.mps.lang.core.plugin.Generate_Facet$Target_generate$1.execute(Generate_Facet.java:574)
			at jetbrains.mps.internal.make.runtime.script.Script$3.invoke(Script.java:306)
			at jetbrains.mps.internal.make.runtime.script.Script$3.invoke(Script.java:250)
			at jetbrains.mps.ide.make.WorkbenchMakeService$Controller.runJobWithMonitor(WorkbenchMakeService.java:350)
			at jetbrains.mps.internal.make.runtime.script.Script.executeTargets(Script.java:250)
			at jetbrains.mps.internal.make.runtime.script.Script.execute(Script.java:226)
			at jetbrains.mps.make.service.CoreMakeTask$2.invoke(CoreMakeTask.java:114)
			at jetbrains.mps.make.service.CoreMakeTask$2.invoke(CoreMakeTask.java:88)
			at jetbrains.mps.make.dependencies.MakeSequence.iterate(MakeSequence.java:79)
			at jetbrains.mps.make.service.CoreMakeTask.doRun(CoreMakeTask.java:88)
			at jetbrains.mps.ide.make.MakeTask$WorkbenchMakeTask.doRun(MakeTask.java:154)
			at jetbrains.mps.make.service.CoreMakeTask.run(CoreMakeTask.java:67)
			at jetbrains.mps.ide.make.MakeTask$1.run(MakeTask.java:66)
			at java.lang.Thread.run(Thread.java:695)

-------------------------
r:48d5f7d2-24be-4d82-ac12-8f4a2d414b11(org.campagnelab.nyosh.gstring.structure) in common
		java.lang.Throwable
			at jetbrains.mps.generator.impl.dependencies.IncrementalDependenciesBuilder.reportModelAccess(IncrementalDependenciesBuilder.java:115)
			at jetbrains.mps.generator.impl.dependencies.RootDependenciesBuilder.addModelAccess(RootDependenciesBuilder.java:93)
			at jetbrains.mps.generator.impl.dependencies.RootDependenciesBuilder.nodeUnclassifiedReadAccess(RootDependenciesBuilder.java:170)
			at jetbrains.mps.smodel.NodeReadEventsCaster$ListenersContainer.fireNodeUnclassifiedReadAccess(NodeReadEventsCaster.java:131)
			at jetbrains.mps.smodel.NodeReadEventsCaster.fireNodeUnclassifiedReadAccess(NodeReadEventsCaster.java:54)
			at jetbrains.mps.smodel.SNode.fireNodeUnclassifiedReadAccess(SNode.java:1023)
			at jetbrains.mps.smodel.SModel.getNode(SModel.java:204)
			at jetbrains.mps.extapi.model.SModelBase.getNode(SModelBase.java:118)
			at jetbrains.mps.smodel.StaticReference.getTargetNode_internal(StaticReference.java:118)
			at jetbrains.mps.smodel.SReference.getTargetNode(SReference.java:66)
			at jetbrains.mps.smodel.SNode.getReferenceTarget(SNode.java:411)
			at jetbrains.mps.smodel.SNode.getReferenceTarget(SNode.java:50)
			at jetbrains.mps.lang.smodel.generator.smodelAdapter.SLinkOperations.getTarget(SLinkOperations.java:33)
			at jetbrains.mps.lang.smodel.generator.baseLanguage.template.main.QueriesGenerated.baseMappingRule_Condition_1195249254987(QueriesGenerated.java:80)
			at sun.reflect.NativeMethodAccessorImpl.invoke0(Native Method)
			at sun.reflect.NativeMethodAccessorImpl.invoke(NativeMethodAccessorImpl.java:39)
			at sun.reflect.DelegatingMethodAccessorImpl.invoke(DelegatingMethodAccessorImpl.java:25)
			at java.lang.reflect.Method.invoke(Method.java:597)
			at jetbrains.mps.util.QueryMethodGenerated$2.invoke(QueryMethodGenerated.java:212)
			at jetbrains.mps.generator.impl.interpreted.ReflectiveQueryProvider$Impl.check(ReflectiveQueryProvider.java:342)
			at jetbrains.mps.generator.template.DefaultQueryExecutionContext.evaluate(DefaultQueryExecutionContext.java:87)
			at jetbrains.mps.generator.impl.template.QueryExecutionContextWithDependencyRecording.evaluate(QueryExecutionContextWithDependencyRecording.java:91)
			at jetbrains.mps.generator.impl.RuleConsequenceProcessor$InlineSwitch.processRuleConsequence(RuleConsequenceProcessor.java:71)
			at jetbrains.mps.generator.impl.interpreted.TemplateReductionRuleInterpreted.doApply(TemplateReductionRuleInterpreted.java:68)
			at jetbrains.mps.generator.runtime.ReductionRuleBase.tryToApply(ReductionRuleBase.java:61)
			at jetbrains.mps.generator.template.DefaultQueryExecutionContext.tryToApply(DefaultQueryExecutionContext.java:348)
			at jetbrains.mps.generator.impl.template.QueryExecutionContextWithDependencyRecording.tryToApply(QueryExecutionContextWithDependencyRecording.java:297)
			at jetbrains.mps.generator.impl.TemplateExecutionEnvironmentImpl.tryToReduce(TemplateExecutionEnvironmentImpl.java:386)
			at jetbrains.mps.generator.impl.TemplateExecutionEnvironmentImpl.tryToReduce(TemplateExecutionEnvironmentImpl.java:341)
			at jetbrains.mps.generator.impl.TemplateGenerator.copyNodes(TemplateGenerator.java:510)
			at jetbrains.mps.generator.impl.TemplateExecutionEnvironmentImpl.copyNodes(TemplateExecutionEnvironmentImpl.java:164)
			at jetbrains.mps.generator.impl.TemplateProcessor$CopySrcMacros.apply(TemplateProcessor.java:431)
			at jetbrains.mps.generator.impl.TemplateProcessor.applyMacro(TemplateProcessor.java:111)
			at jetbrains.mps.generator.impl.TemplateProcessor.apply(TemplateProcessor.java:93)
			at jetbrains.mps.generator.impl.TemplateContainer.processRuleConsequence(TemplateContainer.java:79)
			at jetbrains.mps.generator.impl.interpreted.TemplateReductionRuleInterpreted.doApply(TemplateReductionRuleInterpreted.java:68)
			at jetbrains.mps.generator.runtime.ReductionRuleBase.tryToApply(ReductionRuleBase.java:61)
			at jetbrains.mps.generator.template.DefaultQueryExecutionContext.tryToApply(DefaultQueryExecutionContext.java:348)
			at jetbrains.mps.generator.impl.template.QueryExecutionContextWithDependencyRecording.tryToApply(QueryExecutionContextWithDependencyRecording.java:297)
			at jetbrains.mps.generator.impl.TemplateExecutionEnvironmentImpl.tryToReduce(TemplateExecutionEnvironmentImpl.java:386)
			at jetbrains.mps.generator.impl.TemplateExecutionEnvironmentImpl.tryToReduce(TemplateExecutionEnvironmentImpl.java:341)
			at jetbrains.mps.generator.impl.TemplateGenerator.copyNodes(TemplateGenerator.java:510)
			at jetbrains.mps.generator.impl.TemplateExecutionEnvironmentImpl.copyNodes(TemplateExecutionEnvironmentImpl.java:164)
			at jetbrains.mps.generator.impl.TemplateProcessor$CopySrcMacros.apply(TemplateProcessor.java:431)
			at jetbrains.mps.generator.impl.TemplateProcessor.applyMacro(TemplateProcessor.java:111)
			at jetbrains.mps.generator.impl.TemplateProcessor.applyTemplate(TemplateProcessor.java:141)
			at jetbrains.mps.generator.impl.TemplateProcessor.apply(TemplateProcessor.java:95)
			at jetbrains.mps.generator.impl.TemplateContainer.processRuleConsequence(TemplateContainer.java:79)
			at jetbrains.mps.generator.impl.interpreted.TemplateReductionRuleInterpreted.doApply(TemplateReductionRuleInterpreted.java:68)
			at jetbrains.mps.generator.runtime.ReductionRuleBase.tryToApply(ReductionRuleBase.java:61)
			at jetbrains.mps.generator.template.DefaultQueryExecutionContext.tryToApply(DefaultQueryExecutionContext.java:348)
			at jetbrains.mps.generator.impl.template.QueryExecutionContextWithDependencyRecording.tryToApply(QueryExecutionContextWithDependencyRecording.java:297)
			at jetbrains.mps.generator.impl.TemplateExecutionEnvironmentImpl.tryToReduce(TemplateExecutionEnvironmentImpl.java:386)
			at jetbrains.mps.generator.impl.TemplateExecutionEnvironmentImpl.tryToReduce(TemplateExecutionEnvironmentImpl.java:341)
			at jetbrains.mps.generator.impl.TemplateGenerator$PartialCopyFacility.visitInputNode(TemplateGenerator.java:795)
			at jetbrains.mps.generator.impl.TemplateGenerator$PartialCopyFacility.visitInputNode(TemplateGenerator.java:800)
			at jetbrains.mps.generator.impl.TemplateGenerator$PartialCopyFacility.visitInputNode(TemplateGenerator.java:800)
			at jetbrains.mps.generator.impl.TemplateGenerator$PartialCopyFacility.copyRootInputNode(TemplateGenerator.java:776)
			at jetbrains.mps.generator.impl.TemplateGenerator.copyRootInputNode(TemplateGenerator.java:415)
			at jetbrains.mps.generator.impl.TemplateGenerator.applyReductions(TemplateGenerator.java:291)
			at jetbrains.mps.generator.impl.TemplateGenerator.apply(TemplateGenerator.java:160)
			at jetbrains.mps.generator.impl.GenerationSession.applyRules(GenerationSession.java:476)
			at jetbrains.mps.generator.impl.GenerationSession.executeMajorStepInternal(GenerationSession.java:381)
			at jetbrains.mps.generator.impl.GenerationSession.executeMajorStep(GenerationSession.java:340)
			at jetbrains.mps.generator.impl.GenerationSession.generateModel(GenerationSession.java:232)
			at jetbrains.mps.generator.impl.GenerationController.generateModel(GenerationController.java:189)
			at jetbrains.mps.generator.impl.GenerationController.generateModelsInModule(GenerationController.java:148)
			at jetbrains.mps.generator.impl.GenerationController.generate(GenerationController.java:101)
			at jetbrains.mps.generator.GenerationFacade$2$1.compute(GenerationFacade.java:168)
			at jetbrains.mps.generator.GenerationFacade$2$1.compute(GenerationFacade.java:165)
			at jetbrains.mps.ide.undo.WorkbenchUndoHandler.runNonUndoableAction(WorkbenchUndoHandler.java:46)
			at jetbrains.mps.smodel.UndoHelper.runNonUndoableAction(UndoHelper.java:61)
			at jetbrains.mps.generator.GenerationFacade$2.run(GenerationFacade.java:165)
			at jetbrains.mps.ide.smodel.WorkbenchModelAccess$8.compute(WorkbenchModelAccess.java:312)
			at jetbrains.mps.ide.smodel.WorkbenchModelAccess$8.compute(WorkbenchModelAccess.java:307)
			at com.intellij.openapi.application.impl.ApplicationImpl.runReadAction(ApplicationImpl.java:921)
			at jetbrains.mps.ide.smodel.WorkbenchModelAccess.tryRead(WorkbenchModelAccess.java:307)
			at jetbrains.mps.ide.smodel.WorkbenchModelAccess.requireRead(WorkbenchModelAccess.java:357)
			at jetbrains.mps.generator.GenerationFacade.generateModels(GenerationFacade.java:162)
			at jetbrains.mps.lang.core.plugin.Generate_Facet$Target_generate$1.execute(Generate_Facet.java:574)
			at jetbrains.mps.internal.make.runtime.script.Script$3.invoke(Script.java:306)
			at jetbrains.mps.internal.make.runtime.script.Script$3.invoke(Script.java:250)
			at jetbrains.mps.ide.make.WorkbenchMakeService$Controller.runJobWithMonitor(WorkbenchMakeService.java:350)
			at jetbrains.mps.internal.make.runtime.script.Script.executeTargets(Script.java:250)
			at jetbrains.mps.internal.make.runtime.script.Script.execute(Script.java:226)
			at jetbrains.mps.make.service.CoreMakeTask$2.invoke(CoreMakeTask.java:114)
			at jetbrains.mps.make.service.CoreMakeTask$2.invoke(CoreMakeTask.java:88)
			at jetbrains.mps.make.dependencies.MakeSequence.iterate(MakeSequence.java:79)
			at jetbrains.mps.make.service.CoreMakeTask.doRun(CoreMakeTask.java:88)
			at jetbrains.mps.ide.make.MakeTask$WorkbenchMakeTask.doRun(MakeTask.java:154)
			at jetbrains.mps.make.service.CoreMakeTask.run(CoreMakeTask.java:67)
			at jetbrains.mps.ide.make.MakeTask$1.run(MakeTask.java:66)
			at java.lang.Thread.run(Thread.java:695)

-------------------------
r:b4d7d620-6723-4aa2-856b-118497e84e9e(jetbrains.mps.baseLanguage.generator.java.strings@generator) in common
		java.lang.Throwable
			at jetbrains.mps.generator.impl.dependencies.IncrementalDependenciesBuilder.reportModelAccess(IncrementalDependenciesBuilder.java:115)
			at jetbrains.mps.generator.impl.dependencies.RootDependenciesBuilder.addModelAccess(RootDependenciesBuilder.java:93)
			at jetbrains.mps.generator.impl.dependencies.RootDependenciesBuilder.nodeUnclassifiedReadAccess(RootDependenciesBuilder.java:170)
			at jetbrains.mps.smodel.NodeReadEventsCaster$ListenersContainer.fireNodeUnclassifiedReadAccess(NodeReadEventsCaster.java:131)
			at jetbrains.mps.smodel.NodeReadEventsCaster.fireNodeUnclassifiedReadAccess(NodeReadEventsCaster.java:54)
			at jetbrains.mps.smodel.SNode.fireNodeUnclassifiedReadAccess(SNode.java:1023)
			at jetbrains.mps.smodel.SNode$ChildrenList$ChildrenIterator.readNode(SNode.java:1125)
			at jetbrains.mps.smodel.SNode$ChildrenList$ChildrenIterator.getCurrent(SNode.java:1113)
			at jetbrains.mps.smodel.SNode$ChildrenList$ChildrenIterator.getCurrent(SNode.java:1077)
			at jetbrains.mps.util.AbstractSequentialList$AbstractSequentialIterator.hasNext(AbstractSequentialList.java:100)
			at jetbrains.mps.lang.smodel.generator.smodelAdapter.SLinkOperations.getTarget(SLinkOperations.java:31)
			at jetbrains.mps.generator.impl.RuleUtil.getCreateRootRuleCondition(RuleUtil.java:139)
			at jetbrains.mps.generator.impl.interpreted.ReflectiveQueryProvider.getCreateRootRuleCondition(ReflectiveQueryProvider.java:77)
			at jetbrains.mps.generator.impl.interpreted.TemplateCreateRootRuleInterpreted.isApplicable(TemplateCreateRootRuleInterpreted.java:51)
			at jetbrains.mps.generator.template.DefaultQueryExecutionContext.isApplicable(DefaultQueryExecutionContext.java:367)
			at jetbrains.mps.generator.impl.template.QueryExecutionContextWithDependencyRecording.isApplicable(QueryExecutionContextWithDependencyRecording.java:312)
			at jetbrains.mps.generator.impl.TemplateGenerator.applyCreateRoot(TemplateGenerator.java:298)
			at jetbrains.mps.generator.impl.TemplateGenerator.applyReductions(TemplateGenerator.java:266)
			at jetbrains.mps.generator.impl.TemplateGenerator.apply(TemplateGenerator.java:160)
			at jetbrains.mps.generator.impl.GenerationSession.applyRules(GenerationSession.java:476)
			at jetbrains.mps.generator.impl.GenerationSession.executeMajorStepInternal(GenerationSession.java:381)
			at jetbrains.mps.generator.impl.GenerationSession.executeMajorStep(GenerationSession.java:340)
			at jetbrains.mps.generator.impl.GenerationSession.generateModel(GenerationSession.java:232)
			at jetbrains.mps.generator.impl.GenerationController.generateModel(GenerationController.java:189)
			at jetbrains.mps.generator.impl.GenerationController.generateModelsInModule(GenerationController.java:148)
			at jetbrains.mps.generator.impl.GenerationController.generate(GenerationController.java:101)
			at jetbrains.mps.generator.GenerationFacade$2$1.compute(GenerationFacade.java:168)
			at jetbrains.mps.generator.GenerationFacade$2$1.compute(GenerationFacade.java:165)
			at jetbrains.mps.ide.undo.WorkbenchUndoHandler.runNonUndoableAction(WorkbenchUndoHandler.java:46)
			at jetbrains.mps.smodel.UndoHelper.runNonUndoableAction(UndoHelper.java:61)
			at jetbrains.mps.generator.GenerationFacade$2.run(GenerationFacade.java:165)
			at jetbrains.mps.ide.smodel.WorkbenchModelAccess$8.compute(WorkbenchModelAccess.java:312)
			at jetbrains.mps.ide.smodel.WorkbenchModelAccess$8.compute(WorkbenchModelAccess.java:307)
			at com.intellij.openapi.application.impl.ApplicationImpl.runReadAction(ApplicationImpl.java:921)
			at jetbrains.mps.ide.smodel.WorkbenchModelAccess.tryRead(WorkbenchModelAccess.java:307)
			at jetbrains.mps.ide.smodel.WorkbenchModelAccess.requireRead(WorkbenchModelAccess.java:357)
			at jetbrains.mps.generator.GenerationFacade.generateModels(GenerationFacade.java:162)
			at jetbrains.mps.lang.core.plugin.Generate_Facet$Target_generate$1.execute(Generate_Facet.java:574)
			at jetbrains.mps.internal.make.runtime.script.Script$3.invoke(Script.java:306)
			at jetbrains.mps.internal.make.runtime.script.Script$3.invoke(Script.java:250)
			at jetbrains.mps.ide.make.WorkbenchMakeService$Controller.runJobWithMonitor(WorkbenchMakeService.java:350)
			at jetbrains.mps.internal.make.runtime.script.Script.executeTargets(Script.java:250)
			at jetbrains.mps.internal.make.runtime.script.Script.execute(Script.java:226)
			at jetbrains.mps.make.service.CoreMakeTask$2.invoke(CoreMakeTask.java:114)
			at jetbrains.mps.make.service.CoreMakeTask$2.invoke(CoreMakeTask.java:88)
			at jetbrains.mps.make.dependencies.MakeSequence.iterate(MakeSequence.java:79)
			at jetbrains.mps.make.service.CoreMakeTask.doRun(CoreMakeTask.java:88)
			at jetbrains.mps.ide.make.MakeTask$WorkbenchMakeTask.doRun(MakeTask.java:154)
			at jetbrains.mps.make.service.CoreMakeTask.run(CoreMakeTask.java:67)
			at jetbrains.mps.ide.make.MakeTask$1.run(MakeTask.java:66)
			at java.lang.Thread.run(Thread.java:695)

-------------------------
r:c3548bac-30eb-4a2a-937c-0111d5697309(jetbrains.mps.lang.smodel.generator.smodelAdapter) in common
		java.lang.Throwable
			at jetbrains.mps.generator.impl.dependencies.IncrementalDependenciesBuilder.reportModelAccess(IncrementalDependenciesBuilder.java:115)
			at jetbrains.mps.generator.impl.dependencies.RootDependenciesBuilder.addModelAccess(RootDependenciesBuilder.java:93)
			at jetbrains.mps.generator.impl.dependencies.RootDependenciesBuilder.nodeUnclassifiedReadAccess(RootDependenciesBuilder.java:170)
			at jetbrains.mps.smodel.NodeReadEventsCaster$ListenersContainer.fireNodeUnclassifiedReadAccess(NodeReadEventsCaster.java:131)
			at jetbrains.mps.smodel.NodeReadEventsCaster.fireNodeUnclassifiedReadAccess(NodeReadEventsCaster.java:54)
			at jetbrains.mps.smodel.SNode.fireNodeUnclassifiedReadAccess(SNode.java:1023)
			at jetbrains.mps.smodel.SModel.getNode(SModel.java:204)
			at jetbrains.mps.extapi.model.SModelBase.getNode(SModelBase.java:118)
			at jetbrains.mps.smodel.SNodePointer.resolve(SNodePointer.java:64)
			at jetbrains.mps.smodel.SNodePointer.getNode(SNodePointer.java:132)
			at jetbrains.mps.lang.smodel.generator.smodelAdapter.SNodeOperations.getNode(SNodeOperations.java:597)
			at jetbrains.mps.lang.smodel.generator.baseLanguage.util.QueriesUtil.get_SPropertyAccess_simple_getterMethod(QueriesUtil.java:68)
			at jetbrains.mps.lang.smodel.generator.baseLanguage.template.main.QueriesGenerated.referenceMacro_GetReferent_1170457360268(QueriesGenerated.java:866)
			at sun.reflect.NativeMethodAccessorImpl.invoke0(Native Method)
			at sun.reflect.NativeMethodAccessorImpl.invoke(NativeMethodAccessorImpl.java:39)
			at sun.reflect.DelegatingMethodAccessorImpl.invoke(DelegatingMethodAccessorImpl.java:25)
			at java.lang.reflect.Method.invoke(Method.java:597)
			at jetbrains.mps.util.QueryMethodGenerated.invoke(QueryMethodGenerated.java:166)
			at jetbrains.mps.util.QueryMethodGenerated.invoke(QueryMethodGenerated.java:153)
			at jetbrains.mps.util.QueryMethodGenerated.invoke(QueryMethodGenerated.java:150)
			at jetbrains.mps.generator.template.DefaultQueryExecutionContext.getReferentTarget(DefaultQueryExecutionContext.java:315)
			at jetbrains.mps.generator.impl.template.QueryExecutionContextWithDependencyRecording.getReferentTarget(QueryExecutionContextWithDependencyRecording.java:245)
			at jetbrains.mps.generator.impl.reference.MacroResolver.resolve(MacroResolver.java:47)
			at jetbrains.mps.generator.impl.reference.ReferenceInfo_Macro.resolveReference(ReferenceInfo_Macro.java:112)
			at jetbrains.mps.generator.impl.reference.ReferenceInfo_Macro.expandReferenceMacro(ReferenceInfo_Macro.java:82)
			at jetbrains.mps.generator.impl.reference.ReferenceInfo_Macro.create(ReferenceInfo_Macro.java:54)
			at jetbrains.mps.generator.impl.reference.PostponedReference.initReplacementReference(PostponedReference.java:95)
			at jetbrains.mps.generator.impl.reference.PostponedReferenceUpdate.prepare(PostponedReferenceUpdate.java:47)
			at jetbrains.mps.generator.impl.TemplateGenerator.apply(TemplateGenerator.java:208)
			at jetbrains.mps.generator.impl.GenerationSession.applyRules(GenerationSession.java:476)
			at jetbrains.mps.generator.impl.GenerationSession.executeMajorStepInternal(GenerationSession.java:381)
			at jetbrains.mps.generator.impl.GenerationSession.executeMajorStep(GenerationSession.java:340)
			at jetbrains.mps.generator.impl.GenerationSession.generateModel(GenerationSession.java:232)
			at jetbrains.mps.generator.impl.GenerationController.generateModel(GenerationController.java:189)
			at jetbrains.mps.generator.impl.GenerationController.generateModelsInModule(GenerationController.java:148)
			at jetbrains.mps.generator.impl.GenerationController.generate(GenerationController.java:101)
			at jetbrains.mps.generator.GenerationFacade$2$1.compute(GenerationFacade.java:168)
			at jetbrains.mps.generator.GenerationFacade$2$1.compute(GenerationFacade.java:165)
			at jetbrains.mps.ide.undo.WorkbenchUndoHandler.runNonUndoableAction(WorkbenchUndoHandler.java:46)
			at jetbrains.mps.smodel.UndoHelper.runNonUndoableAction(UndoHelper.java:61)
			at jetbrains.mps.generator.GenerationFacade$2.run(GenerationFacade.java:165)
			at jetbrains.mps.ide.smodel.WorkbenchModelAccess$8.compute(WorkbenchModelAccess.java:312)
			at jetbrains.mps.ide.smodel.WorkbenchModelAccess$8.compute(WorkbenchModelAccess.java:307)
			at com.intellij.openapi.application.impl.ApplicationImpl.runReadAction(ApplicationImpl.java:921)
			at jetbrains.mps.ide.smodel.WorkbenchModelAccess.tryRead(WorkbenchModelAccess.java:307)
			at jetbrains.mps.ide.smodel.WorkbenchModelAccess.requireRead(WorkbenchModelAccess.java:357)
			at jetbrains.mps.generator.GenerationFacade.generateModels(GenerationFacade.java:162)
			at jetbrains.mps.lang.core.plugin.Generate_Facet$Target_generate$1.execute(Generate_Facet.java:574)
			at jetbrains.mps.internal.make.runtime.script.Script$3.invoke(Script.java:306)
			at jetbrains.mps.internal.make.runtime.script.Script$3.invoke(Script.java:250)
			at jetbrains.mps.ide.make.WorkbenchMakeService$Controller.runJobWithMonitor(WorkbenchMakeService.java:350)
			at jetbrains.mps.internal.make.runtime.script.Script.executeTargets(Script.java:250)
			at jetbrains.mps.internal.make.runtime.script.Script.execute(Script.java:226)
			at jetbrains.mps.make.service.CoreMakeTask$2.invoke(CoreMakeTask.java:114)
			at jetbrains.mps.make.service.CoreMakeTask$2.invoke(CoreMakeTask.java:88)
			at jetbrains.mps.make.dependencies.MakeSequence.iterate(MakeSequence.java:79)
			at jetbrains.mps.make.service.CoreMakeTask.doRun(CoreMakeTask.java:88)
			at jetbrains.mps.ide.make.MakeTask$WorkbenchMakeTask.doRun(MakeTask.java:154)
			at jetbrains.mps.make.service.CoreMakeTask.run(CoreMakeTask.java:67)
			at jetbrains.mps.ide.make.MakeTask$1.run(MakeTask.java:66)
			at java.lang.Thread.run(Thread.java:695)

-------------------------
r:f04c1476-2f91-4f59-be13-c8e009abebee(jetbrains.mps.baseLanguageInternal.generator.template.main@generator) in common
		java.lang.Throwable
			at jetbrains.mps.generator.impl.dependencies.IncrementalDependenciesBuilder.reportModelAccess(IncrementalDependenciesBuilder.java:115)
			at jetbrains.mps.generator.impl.dependencies.RootDependenciesBuilder.addModelAccess(RootDependenciesBuilder.java:93)
			at jetbrains.mps.generator.impl.dependencies.RootDependenciesBuilder.nodeUnclassifiedReadAccess(RootDependenciesBuilder.java:170)
			at jetbrains.mps.smodel.NodeReadEventsCaster$ListenersContainer.fireNodeUnclassifiedReadAccess(NodeReadEventsCaster.java:131)
			at jetbrains.mps.smodel.NodeReadEventsCaster.fireNodeUnclassifiedReadAccess(NodeReadEventsCaster.java:54)
			at jetbrains.mps.smodel.SNode.fireNodeUnclassifiedReadAccess(SNode.java:1023)
			at jetbrains.mps.smodel.SNode$ChildrenList$ChildrenIterator.readNode(SNode.java:1125)
			at jetbrains.mps.smodel.SNode$ChildrenList$ChildrenIterator.getCurrent(SNode.java:1113)
			at jetbrains.mps.smodel.SNode$ChildrenList$ChildrenIterator.getCurrent(SNode.java:1077)
			at jetbrains.mps.util.AbstractSequentialList$AbstractSequentialIterator.hasNext(AbstractSequentialList.java:100)
			at jetbrains.mps.lang.smodel.generator.smodelAdapter.SLinkOperations.getTarget(SLinkOperations.java:31)
			at jetbrains.mps.generator.impl.RuleUtil.getBaseRuleCondition(RuleUtil.java:135)
			at jetbrains.mps.generator.impl.interpreted.ReflectiveQueryProvider.getBaseRuleConditionMethod(ReflectiveQueryProvider.java:220)
			at jetbrains.mps.generator.impl.interpreted.ReflectiveQueryProvider.getReductionRuleCondition(ReflectiveQueryProvider.java:98)
			at jetbrains.mps.generator.impl.interpreted.TemplateReductionRuleInterpreted.isApplicable(TemplateReductionRuleInterpreted.java:56)
			at jetbrains.mps.generator.template.DefaultQueryExecutionContext.isApplicable(DefaultQueryExecutionContext.java:367)
			at jetbrains.mps.generator.impl.template.QueryExecutionContextWithDependencyRecording.isApplicable(QueryExecutionContextWithDependencyRecording.java:312)
			at jetbrains.mps.generator.impl.TemplateExecutionEnvironmentImpl.tryToReduce(TemplateExecutionEnvironmentImpl.java:379)
			at jetbrains.mps.generator.impl.TemplateExecutionEnvironmentImpl.tryToReduce(TemplateExecutionEnvironmentImpl.java:341)
			at jetbrains.mps.generator.impl.TemplateGenerator$PartialCopyFacility.visitInputNode(TemplateGenerator.java:795)
			at jetbrains.mps.generator.impl.TemplateGenerator$PartialCopyFacility.visitInputNode(TemplateGenerator.java:800)
			at jetbrains.mps.generator.impl.TemplateGenerator$PartialCopyFacility.visitInputNode(TemplateGenerator.java:800)
			at jetbrains.mps.generator.impl.TemplateGenerator$PartialCopyFacility.copyRootInputNode(TemplateGenerator.java:776)
			at jetbrains.mps.generator.impl.TemplateGenerator.copyRootInputNode(TemplateGenerator.java:415)
			at jetbrains.mps.generator.impl.TemplateGenerator.applyReductions(TemplateGenerator.java:291)
			at jetbrains.mps.generator.impl.TemplateGenerator.apply(TemplateGenerator.java:160)
			at jetbrains.mps.generator.impl.GenerationSession.applyRules(GenerationSession.java:476)
			at jetbrains.mps.generator.impl.GenerationSession.executeMajorStepInternal(GenerationSession.java:381)
			at jetbrains.mps.generator.impl.GenerationSession.executeMajorStep(GenerationSession.java:340)
			at jetbrains.mps.generator.impl.GenerationSession.generateModel(GenerationSession.java:232)
			at jetbrains.mps.generator.impl.GenerationController.generateModel(GenerationController.java:189)
			at jetbrains.mps.generator.impl.GenerationController.generateModelsInModule(GenerationController.java:148)
			at jetbrains.mps.generator.impl.GenerationController.generate(GenerationController.java:101)
			at jetbrains.mps.generator.GenerationFacade$2$1.compute(GenerationFacade.java:168)
			at jetbrains.mps.generator.GenerationFacade$2$1.compute(GenerationFacade.java:165)
			at jetbrains.mps.ide.undo.WorkbenchUndoHandler.runNonUndoableAction(WorkbenchUndoHandler.java:46)
			at jetbrains.mps.smodel.UndoHelper.runNonUndoableAction(UndoHelper.java:61)
			at jetbrains.mps.generator.GenerationFacade$2.run(GenerationFacade.java:165)
			at jetbrains.mps.ide.smodel.WorkbenchModelAccess$8.compute(WorkbenchModelAccess.java:312)
			at jetbrains.mps.ide.smodel.WorkbenchModelAccess$8.compute(WorkbenchModelAccess.java:307)
			at com.intellij.openapi.application.impl.ApplicationImpl.runReadAction(ApplicationImpl.java:921)
			at jetbrains.mps.ide.smodel.WorkbenchModelAccess.tryRead(WorkbenchModelAccess.java:307)
			at jetbrains.mps.ide.smodel.WorkbenchModelAccess.requireRead(WorkbenchModelAccess.java:357)
			at jetbrains.mps.generator.GenerationFacade.generateModels(GenerationFacade.java:162)
			at jetbrains.mps.lang.core.plugin.Generate_Facet$Target_generate$1.execute(Generate_Facet.java:574)
			at jetbrains.mps.internal.make.runtime.script.Script$3.invoke(Script.java:306)
			at jetbrains.mps.internal.make.runtime.script.Script$3.invoke(Script.java:250)
			at jetbrains.mps.ide.make.WorkbenchMakeService$Controller.runJobWithMonitor(WorkbenchMakeService.java:350)
			at jetbrains.mps.internal.make.runtime.script.Script.executeTargets(Script.java:250)
			at jetbrains.mps.internal.make.runtime.script.Script.execute(Script.java:226)
			at jetbrains.mps.make.service.CoreMakeTask$2.invoke(CoreMakeTask.java:114)
			at jetbrains.mps.make.service.CoreMakeTask$2.invoke(CoreMakeTask.java:88)
			at jetbrains.mps.make.dependencies.MakeSequence.iterate(MakeSequence.java:79)
			at jetbrains.mps.make.service.CoreMakeTask.doRun(CoreMakeTask.java:88)
			at jetbrains.mps.ide.make.MakeTask$WorkbenchMakeTask.doRun(MakeTask.java:154)
			at jetbrains.mps.make.service.CoreMakeTask.run(CoreMakeTask.java:67)
			at jetbrains.mps.ide.make.MakeTask$1.run(MakeTask.java:66)
			at java.lang.Thread.run(Thread.java:695)

